<?xml version="1.0" encoding="UTF-8"?>
<!-- Generated by org.testng.reporters.JUnitReportReporter -->
<testsuite hostname="sangamesh-PC" name="testngexample1" tests="10" failures="0" timestamp="23 Jun 2022 12:18:29 GMT" time="0.061" errors="0">
  <testcase name="sample4" time="0.002" classname="testngexample1"/>
  <testcase name="sample" time="0.003" classname="testngexample1"/>
  <testcase name="sample4" time="0.002" classname="testngexample1"/>
  <testcase name="sample3" time="0.002" classname="testngexample1"/>
  <testcase name="sample4" time="0.002" classname="testngexample1"/>
  <testcase name="sample4" time="0.003" classname="testngexample1"/>
  <testcase name="sample2" time="0.002" classname="testngexample1"/>
  <testcase name="sample3" time="0.040" classname="testngexample1"/>
  <testcase name="sample3" time="0.003" classname="testngexample1"/>
  <testcase name="sample3" time="0.002" classname="testngexample1"/>
</testsuite> <!-- testngexample1 -->
