<?xml version="1.0" encoding="UTF-8"?>
<!-- Generated by org.testng.reporters.JUnitReportReporter -->
<testsuite hostname="sangamesh-PC" name="testngxample2" tests="1" failures="0" timestamp="23 Jun 2022 12:20:23 GMT" time="0.035" errors="0">
  <testcase name="sample2" time="0.035" classname="testngxample2"/>
</testsuite> <!-- testngxample2 -->
